#
# There is insufficient memory for the Java Runtime Environment to continue.
# Native memory allocation (malloc) failed to allocate 1381456 bytes for Chunk::new
# Possible reasons:
#   The system is out of physical RAM or swap space
#   The process is running with CompressedOops enabled, and the Java Heap may be blocking the growth of the native heap
# Possible solutions:
#   Reduce memory load on the system
#   Increase physical memory or swap space
#   Check if swap backing store is full
#   Decrease Java heap size (-Xmx/-Xms)
#   Decrease number of Java threads
#   Decrease Java thread stack sizes (-Xss)
#   Set larger code cache with -XX:ReservedCodeCacheSize=
#   JVM is running with Unscaled Compressed Oops mode in which the Java heap is
#     placed in the first 4GB address space. The Java Heap base address is the
#     maximum limit for the native heap growth. Please use -XX:HeapBaseMinAddress
#     to set the Java Heap base and to place the Java Heap above 4GB virtual address.
# This output file may be truncated or incomplete.
#
#  Out of Memory Error (arena.cpp:189), pid=18516, tid=20704
#
# JRE version: Java(TM) SE Runtime Environment (17.0.12+8) (build 17.0.12+8-LTS-286)
# Java VM: Java HotSpot(TM) 64-Bit Server VM (17.0.12+8-LTS-286, mixed mode, sharing, tiered, compressed oops, compressed class ptrs, g1 gc, windows-amd64)
# No core dump will be written. Minidumps are not enabled by default on client versions of Windows
#

---------------  S U M M A R Y ------------

Command Line: -javaagent:C:\Program Files\JetBrains\IntelliJ IDEA 2025.2.3\lib\idea_rt.jar=51992 -Dfile.encoding=UTF-8 com.example.Backend_2026.Backend2026Application

Host: AMD Ryzen 5 5600H with Radeon Graphics         , 12 cores, 7G,  Windows 11 , 64 bit Build 26100 (10.0.26100.7920)
Time: Sat Mar 21 01:41:39 2026 SE Asia Standard Time elapsed time: 4.680328 seconds (0d 0h 0m 4s)

---------------  T H R E A D  ---------------

Current thread (0x0000029fe8a4b200):  JavaThread "C2 CompilerThread2" daemon [_thread_in_native, id=20704, stack(0x000000d751c00000,0x000000d751d00000)]


Current CompileTask:
C2:   4680 2188   !   4       java.net.URL::<init> (543 bytes)

Stack: [0x000000d751c00000,0x000000d751d00000]
Native frames: (J=compiled Java code, j=interpreted, Vv=VM code, C=native code)
V  [jvm.dll+0x67a04a]
V  [jvm.dll+0x7da4ed]
V  [jvm.dll+0x7dbe33]
V  [jvm.dll+0x7dc4a3]
V  [jvm.dll+0x24508f]
V  [jvm.dll+0xab773]
V  [jvm.dll+0xabd3c]
V  [jvm.dll+0x361b9f]
V  [jvm.dll+0x32c431]
V  [jvm.dll+0x32b8ca]
V  [jvm.dll+0x21683f]
V  [jvm.dll+0x215c6f]
V  [jvm.dll+0x1a2960]
V  [jvm.dll+0x22610b]
V  [jvm.dll+0x2242ab]
V  [jvm.dll+0x79075c]
V  [jvm.dll+0x78abea]
V  [jvm.dll+0x678f35]
C  [ucrtbase.dll+0x37b0]
C  [KERNEL32.DLL+0x2e8d7]
C  [ntdll.dll+0x8c48c]


---------------  P R O C E S S  ---------------

Threads class SMR info:
_java_thread_list=0x0000029fede3d010, length=18, elements={
0x0000029fc83cd4f0, 0x0000029fe7c967e0, 0x0000029fe7c97d10, 0x0000029fe7cab1c0,
0x0000029fe7cadb90, 0x0000029fe7cb7f80, 0x0000029fe7cb8940, 0x0000029fe7cc1010,
0x0000029fe7ccb950, 0x0000029fe7ccc260, 0x0000029fe7c7d2e0, 0x0000029fe8625bf0,
0x0000029fe8676f50, 0x0000029fe8677430, 0x0000029fe8a4b200, 0x0000029fe8674af0,
0x0000029fe86753d0, 0x0000029fed97c720
}

Java Threads: ( => current thread )
  0x0000029fc83cd4f0 JavaThread "main" [_thread_blocked, id=6892, stack(0x000000d750700000,0x000000d750800000)]
  0x0000029fe7c967e0 JavaThread "Reference Handler" daemon [_thread_blocked, id=13452, stack(0x000000d750e00000,0x000000d750f00000)]
  0x0000029fe7c97d10 JavaThread "Finalizer" daemon [_thread_blocked, id=3300, stack(0x000000d750f00000,0x000000d751000000)]
  0x0000029fe7cab1c0 JavaThread "Signal Dispatcher" daemon [_thread_blocked, id=2712, stack(0x000000d751000000,0x000000d751100000)]
  0x0000029fe7cadb90 JavaThread "Attach Listener" daemon [_thread_blocked, id=8096, stack(0x000000d751100000,0x000000d751200000)]
  0x0000029fe7cb7f80 JavaThread "Service Thread" daemon [_thread_blocked, id=17312, stack(0x000000d751200000,0x000000d751300000)]
  0x0000029fe7cb8940 JavaThread "Monitor Deflation Thread" daemon [_thread_blocked, id=23020, stack(0x000000d751300000,0x000000d751400000)]
  0x0000029fe7cc1010 JavaThread "C2 CompilerThread0" daemon [_thread_in_native, id=17220, stack(0x000000d751400000,0x000000d751500000)]
  0x0000029fe7ccb950 JavaThread "C1 CompilerThread0" daemon [_thread_in_native, id=7520, stack(0x000000d751500000,0x000000d751600000)]
  0x0000029fe7ccc260 JavaThread "Sweeper thread" daemon [_thread_blocked, id=18944, stack(0x000000d751600000,0x000000d751700000)]
  0x0000029fe7c7d2e0 JavaThread "Common-Cleaner" daemon [_thread_blocked, id=9596, stack(0x000000d751700000,0x000000d751800000)]
  0x0000029fe8625bf0 JavaThread "C2 CompilerThread1" daemon [_thread_blocked, id=3340, stack(0x000000d751800000,0x000000d751900000)]
  0x0000029fe8676f50 JavaThread "Monitor Ctrl-Break" daemon [_thread_in_native, id=15660, stack(0x000000d751900000,0x000000d751a00000)]
  0x0000029fe8677430 JavaThread "Notification Thread" daemon [_thread_blocked, id=8764, stack(0x000000d751a00000,0x000000d751b00000)]
=>0x0000029fe8a4b200 JavaThread "C2 CompilerThread2" daemon [_thread_in_native, id=20704, stack(0x000000d751c00000,0x000000d751d00000)]
  0x0000029fe8674af0 JavaThread "Thread-0" [_thread_blocked, id=21252, stack(0x000000d752200000,0x000000d752300000)]
  0x0000029fe86753d0 JavaThread "restartedMain" [_thread_in_native, id=26652, stack(0x000000d752300000,0x000000d752400000)]
  0x0000029fed97c720 JavaThread "background-preinit" [_thread_in_native, id=13492, stack(0x000000d752400000,0x000000d752500000)]

Other Threads:
  0x0000029fe7c902c0 VMThread "VM Thread" [stack: 0x000000d750d00000,0x000000d750e00000] [id=4664]
  0x0000029fe8912d10 WatcherThread [stack: 0x000000d751b00000,0x000000d751c00000] [id=18788]
  0x0000029fc8424230 GCTaskThread "GC Thread#0" [stack: 0x000000d750800000,0x000000d750900000] [id=19120]
  0x0000029fed13fb50 GCTaskThread "GC Thread#1" [stack: 0x000000d751d00000,0x000000d751e00000] [id=23244]
  0x0000029fed659ea0 GCTaskThread "GC Thread#2" [stack: 0x000000d751e00000,0x000000d751f00000] [id=15944]
  0x0000029fe8be4f90 GCTaskThread "GC Thread#3" [stack: 0x000000d751f00000,0x000000d752000000] [id=18952]
  0x0000029fed168a30 GCTaskThread "GC Thread#4" [stack: 0x000000d752000000,0x000000d752100000] [id=22296]
  0x0000029fed168cf0 GCTaskThread "GC Thread#5" [stack: 0x000000d752100000,0x000000d752200000] [id=10616]
  0x0000029fedc63200 GCTaskThread "GC Thread#6" [stack: 0x000000d752500000,0x000000d752600000] [id=11084]
  0x0000029fedca3a00 GCTaskThread "GC Thread#7" [stack: 0x000000d752600000,0x000000d752700000] [id=27328]
  0x0000029fedff8bb0 GCTaskThread "GC Thread#8" [stack: 0x000000d752700000,0x000000d752800000] [id=456]
  0x0000029fc84359e0 ConcurrentGCThread "G1 Main Marker" [stack: 0x000000d750900000,0x000000d750a00000] [id=16564]
  0x0000029fc8437860 ConcurrentGCThread "G1 Conc#0" [stack: 0x000000d750a00000,0x000000d750b00000] [id=14936]
  0x0000029fe7b49fa0 ConcurrentGCThread "G1 Refine#0" [stack: 0x000000d750b00000,0x000000d750c00000] [id=4168]
  0x0000029fe7b4a9d0 ConcurrentGCThread "G1 Service" [stack: 0x000000d750c00000,0x000000d750d00000] [id=22120]

Threads with active compile tasks:
C2 CompilerThread0     4713 2470   !   4       java.util.concurrent.ConcurrentHashMap::putVal (432 bytes)
C2 CompilerThread2     4713 2188   !   4       java.net.URL::<init> (543 bytes)

VM state: not at safepoint (normal execution)

VM Mutex/Monitor currently owned by a thread: None

Heap address: 0x000000008a400000, size: 1884 MB, Compressed Oops mode: 32-bit

CDS archive(s) mapped at: [0x0000029f80000000-0x0000029f80bd0000-0x0000029f80bd0000), size 12386304, SharedBaseAddress: 0x0000029f80000000, ArchiveRelocationMode: 1.
Compressed class space mapped at: 0x0000029f81000000-0x0000029fc1000000, reserved size: 1073741824
Narrow klass base: 0x0000029f80000000, Narrow klass shift: 0, Narrow klass range: 0x100000000

GC Precious Log:
 CPUs: 12 total, 12 available
 Memory: 7532M
 Large Page Support: Disabled
 NUMA Support: Disabled
 Compressed Oops: Enabled (32-bit)
 Heap Region Size: 1M
 Heap Min Capacity: 8M
 Heap Initial Capacity: 118M
 Heap Max Capacity: 1884M
 Pre-touch: Disabled
 Parallel Workers: 10
 Concurrent Workers: 3
 Concurrent Refinement Workers: 10
 Periodic GC: Disabled

Heap:
 garbage-first heap   total 120832K, used 42843K [0x000000008a400000, 0x0000000100000000)
  region size 1024K, 37 young (37888K), 3 survivors (3072K)
 Metaspace       used 19640K, committed 20032K, reserved 1114112K
  class space    used 2568K, committed 2752K, reserved 1048576K

Heap Regions: E=young(eden), S=young(survivor), O=old, HS=humongous(starts), HC=humongous(continues), CS=collection set, F=free, OA=open archive, CA=closed archive, TAMS=top-at-mark-start (previous, next)
|   0|0x000000008a400000, 0x000000008a500000, 0x000000008a500000|100%|HS|  |TAMS 0x000000008a400000, 0x000000008a400000| Complete 
|   1|0x000000008a500000, 0x000000008a600000, 0x000000008a600000|100%|HS|  |TAMS 0x000000008a500000, 0x000000008a500000| Complete 
|   2|0x000000008a600000, 0x000000008a700000, 0x000000008a700000|100%| O|  |TAMS 0x000000008a600000, 0x000000008a600000| Untracked 
|   3|0x000000008a700000, 0x000000008a800000, 0x000000008a800000|100%| O|  |TAMS 0x000000008a700000, 0x000000008a700000| Untracked 
|   4|0x000000008a800000, 0x000000008a900000, 0x000000008a900000|100%| O|  |TAMS 0x000000008a800000, 0x000000008a800000| Untracked 
|   5|0x000000008a900000, 0x000000008aa00000, 0x000000008aa00000|100%| O|  |TAMS 0x000000008a900000, 0x000000008a900000| Untracked 
|   6|0x000000008aa00000, 0x000000008ab00000, 0x000000008ab00000|100%| O|  |TAMS 0x000000008aa00000, 0x000000008aa00000| Untracked 
|   7|0x000000008ab00000, 0x000000008ab90000, 0x000000008ac00000| 56%| O|  |TAMS 0x000000008ab00000, 0x000000008ab00000| Untracked 
|   8|0x000000008ac00000, 0x000000008ac00000, 0x000000008ad00000|  0%| F|  |TAMS 0x000000008ac00000, 0x000000008ac00000| Untracked 
|   9|0x000000008ad00000, 0x000000008ad00000, 0x000000008ae00000|  0%| F|  |TAMS 0x000000008ad00000, 0x000000008ad00000| Untracked 
|  10|0x000000008ae00000, 0x000000008ae00000, 0x000000008af00000|  0%| F|  |TAMS 0x000000008ae00000, 0x000000008ae00000| Untracked 
|  11|0x000000008af00000, 0x000000008af00000, 0x000000008b000000|  0%| F|  |TAMS 0x000000008af00000, 0x000000008af00000| Untracked 
|  12|0x000000008b000000, 0x000000008b000000, 0x000000008b100000|  0%| F|  |TAMS 0x000000008b000000, 0x000000008b000000| Untracked 
|  13|0x000000008b100000, 0x000000008b100000, 0x000000008b200000|  0%| F|  |TAMS 0x000000008b100000, 0x000000008b100000| Untracked 
|  14|0x000000008b200000, 0x000000008b200000, 0x000000008b300000|  0%| F|  |TAMS 0x000000008b200000, 0x000000008b200000| Untracked 
|  15|0x000000008b300000, 0x000000008b300000, 0x000000008b400000|  0%| F|  |TAMS 0x000000008b300000, 0x000000008b300000| Untracked 
|  16|0x000000008b400000, 0x000000008b400000, 0x000000008b500000|  0%| F|  |TAMS 0x000000008b400000, 0x000000008b400000| Untracked 
|  17|0x000000008b500000, 0x000000008b500000, 0x000000008b600000|  0%| F|  |TAMS 0x000000008b500000, 0x000000008b500000| Untracked 
|  18|0x000000008b600000, 0x000000008b600000, 0x000000008b700000|  0%| F|  |TAMS 0x000000008b600000, 0x000000008b600000| Untracked 
|  19|0x000000008b700000, 0x000000008b700000, 0x000000008b800000|  0%| F|  |TAMS 0x000000008b700000, 0x000000008b700000| Untracked 
|  20|0x000000008b800000, 0x000000008b800000, 0x000000008b900000|  0%| F|  |TAMS 0x000000008b800000, 0x000000008b800000| Untracked 
|  21|0x000000008b900000, 0x000000008b900000, 0x000000008ba00000|  0%| F|  |TAMS 0x000000008b900000, 0x000000008b900000| Untracked 
|  22|0x000000008ba00000, 0x000000008ba00000, 0x000000008bb00000|  0%| F|  |TAMS 0x000000008ba00000, 0x000000008ba00000| Untracked 
|  23|0x000000008bb00000, 0x000000008bb00000, 0x000000008bc00000|  0%| F|  |TAMS 0x000000008bb00000, 0x000000008bb00000| Untracked 
|  24|0x000000008bc00000, 0x000000008bc00000, 0x000000008bd00000|  0%| F|  |TAMS 0x000000008bc00000, 0x000000008bc00000| Untracked 
|  25|0x000000008bd00000, 0x000000008bd00000, 0x000000008be00000|  0%| F|  |TAMS 0x000000008bd00000, 0x000000008bd00000| Untracked 
|  26|0x000000008be00000, 0x000000008be00000, 0x000000008bf00000|  0%| F|  |TAMS 0x000000008be00000, 0x000000008be00000| Untracked 
|  27|0x000000008bf00000, 0x000000008bf00000, 0x000000008c000000|  0%| F|  |TAMS 0x000000008bf00000, 0x000000008bf00000| Untracked 
|  28|0x000000008c000000, 0x000000008c000000, 0x000000008c100000|  0%| F|  |TAMS 0x000000008c000000, 0x000000008c000000| Untracked 
|  29|0x000000008c100000, 0x000000008c100000, 0x000000008c200000|  0%| F|  |TAMS 0x000000008c100000, 0x000000008c100000| Untracked 
|  30|0x000000008c200000, 0x000000008c200000, 0x000000008c300000|  0%| F|  |TAMS 0x000000008c200000, 0x000000008c200000| Untracked 
|  31|0x000000008c300000, 0x000000008c300000, 0x000000008c400000|  0%| F|  |TAMS 0x000000008c300000, 0x000000008c300000| Untracked 
|  32|0x000000008c400000, 0x000000008c400000, 0x000000008c500000|  0%| F|  |TAMS 0x000000008c400000, 0x000000008c400000| Untracked 
|  33|0x000000008c500000, 0x000000008c500000, 0x000000008c600000|  0%| F|  |TAMS 0x000000008c500000, 0x000000008c500000| Untracked 
|  34|0x000000008c600000, 0x000000008c600000, 0x000000008c700000|  0%| F|  |TAMS 0x000000008c600000, 0x000000008c600000| Untracked 
|  35|0x000000008c700000, 0x000000008c700000, 0x000000008c800000|  0%| F|  |TAMS 0x000000008c700000, 0x000000008c700000| Untracked 
|  36|0x000000008c800000, 0x000000008c800000, 0x000000008c900000|  0%| F|  |TAMS 0x000000008c800000, 0x000000008c800000| Untracked 
|  37|0x000000008c900000, 0x000000008c900000, 0x000000008ca00000|  0%| F|  |TAMS 0x000000008c900000, 0x000000008c900000| Untracked 
|  38|0x000000008ca00000, 0x000000008ca00000, 0x000000008cb00000|  0%| F|  |TAMS 0x000000008ca00000, 0x000000008ca00000| Untracked 
|  39|0x000000008cb00000, 0x000000008cb00000, 0x000000008cc00000|  0%| F|  |TAMS 0x000000008cb00000, 0x000000008cb00000| Untracked 
|  40|0x000000008cc00000, 0x000000008cc00000, 0x000000008cd00000|  0%| F|  |TAMS 0x000000008cc00000, 0x000000008cc00000| Untracked 
|  41|0x000000008cd00000, 0x000000008cd00000, 0x000000008ce00000|  0%| F|  |TAMS 0x000000008cd00000, 0x000000008cd00000| Untracked 
|  42|0x000000008ce00000, 0x000000008ce00000, 0x000000008cf00000|  0%| F|  |TAMS 0x000000008ce00000, 0x000000008ce00000| Untracked 
|  43|0x000000008cf00000, 0x000000008cf00000, 0x000000008d000000|  0%| F|  |TAMS 0x000000008cf00000, 0x000000008cf00000| Untracked 
|  44|0x000000008d000000, 0x000000008d000000, 0x000000008d100000|  0%| F|  |TAMS 0x000000008d000000, 0x000000008d000000| Untracked 
|  45|0x000000008d100000, 0x000000008d100000, 0x000000008d200000|  0%| F|  |TAMS 0x000000008d100000, 0x000000008d100000| Untracked 
|  46|0x000000008d200000, 0x000000008d200000, 0x000000008d300000|  0%| F|  |TAMS 0x000000008d200000, 0x000000008d200000| Untracked 
|  47|0x000000008d300000, 0x000000008d300000, 0x000000008d400000|  0%| F|  |TAMS 0x000000008d300000, 0x000000008d300000| Untracked 
|  48|0x000000008d400000, 0x000000008d400000, 0x000000008d500000|  0%| F|  |TAMS 0x000000008d400000, 0x000000008d400000| Untracked 
|  49|0x000000008d500000, 0x000000008d500000, 0x000000008d600000|  0%| F|  |TAMS 0x000000008d500000, 0x000000008d500000| Untracked 
|  50|0x000000008d600000, 0x000000008d600000, 0x000000008d700000|  0%| F|  |TAMS 0x000000008d600000, 0x000000008d600000| Untracked 
|  51|0x000000008d700000, 0x000000008d700000, 0x000000008d800000|  0%| F|  |TAMS 0x000000008d700000, 0x000000008d700000| Untracked 
|  52|0x000000008d800000, 0x000000008d800000, 0x000000008d900000|  0%| F|  |TAMS 0x000000008d800000, 0x000000008d800000| Untracked 
|  53|0x000000008d900000, 0x000000008d900000, 0x000000008da00000|  0%| F|  |TAMS 0x000000008d900000, 0x000000008d900000| Untracked 
|  54|0x000000008da00000, 0x000000008da00000, 0x000000008db00000|  0%| F|  |TAMS 0x000000008da00000, 0x000000008da00000| Untracked 
|  55|0x000000008db00000, 0x000000008db00000, 0x000000008dc00000|  0%| F|  |TAMS 0x000000008db00000, 0x000000008db00000| Untracked 
|  56|0x000000008dc00000, 0x000000008dc00000, 0x000000008dd00000|  0%| F|  |TAMS 0x000000008dc00000, 0x000000008dc00000| Untracked 
|  57|0x000000008dd00000, 0x000000008dd00000, 0x000000008de00000|  0%| F|  |TAMS 0x000000008dd00000, 0x000000008dd00000| Untracked 
|  58|0x000000008de00000, 0x000000008de00000, 0x000000008df00000|  0%| F|  |TAMS 0x000000008de00000, 0x000000008de00000| Untracked 
|  59|0x000000008df00000, 0x000000008df00000, 0x000000008e000000|  0%| F|  |TAMS 0x000000008df00000, 0x000000008df00000| Untracked 
|  60|0x000000008e000000, 0x000000008e000000, 0x000000008e100000|  0%| F|  |TAMS 0x000000008e000000, 0x000000008e000000| Untracked 
|  61|0x000000008e100000, 0x000000008e100000, 0x000000008e200000|  0%| F|  |TAMS 0x000000008e100000, 0x000000008e100000| Untracked 
|  62|0x000000008e200000, 0x000000008e200000, 0x000000008e300000|  0%| F|  |TAMS 0x000000008e200000, 0x000000008e200000| Untracked 
|  63|0x000000008e300000, 0x000000008e300000, 0x000000008e400000|  0%| F|  |TAMS 0x000000008e300000, 0x000000008e300000| Untracked 
|  64|0x000000008e400000, 0x000000008e400000, 0x000000008e500000|  0%| F|  |TAMS 0x000000008e400000, 0x000000008e400000| Untracked 
|  65|0x000000008e500000, 0x000000008e500000, 0x000000008e600000|  0%| F|  |TAMS 0x000000008e500000, 0x000000008e500000| Untracked 
|  66|0x000000008e600000, 0x000000008e600000, 0x000000008e700000|  0%| F|  |TAMS 0x000000008e600000, 0x000000008e600000| Untracked 
|  67|0x000000008e700000, 0x000000008e700000, 0x000000008e800000|  0%| F|  |TAMS 0x000000008e700000, 0x000000008e700000| Untracked 
|  68|0x000000008e800000, 0x000000008e800000, 0x000000008e900000|  0%| F|  |TAMS 0x000000008e800000, 0x000000008e800000| Untracked 
|  69|0x000000008e900000, 0x000000008e900000, 0x000000008ea00000|  0%| F|  |TAMS 0x000000008e900000, 0x000000008e900000| Untracked 
|  70|0x000000008ea00000, 0x000000008ea00000, 0x000000008eb00000|  0%| F|  |TAMS 0x000000008ea00000, 0x000000008ea00000| Untracked 
|  71|0x000000008eb00000, 0x000000008eb00000, 0x000000008ec00000|  0%| F|  |TAMS 0x000000008eb00000, 0x000000008eb00000| Untracked 
|  72|0x000000008ec00000, 0x000000008ec00000, 0x000000008ed00000|  0%| F|  |TAMS 0x000000008ec00000, 0x000000008ec00000| Untracked 
|  73|0x000000008ed00000, 0x000000008ed00000, 0x000000008ee00000|  0%| F|  |TAMS 0x000000008ed00000, 0x000000008ed00000| Untracked 
|  74|0x000000008ee00000, 0x000000008ee00000, 0x000000008ef00000|  0%| F|  |TAMS 0x000000008ee00000, 0x000000008ee00000| Untracked 
|  75|0x000000008ef00000, 0x000000008ef00000, 0x000000008f000000|  0%| F|  |TAMS 0x000000008ef00000, 0x000000008ef00000| Untracked 
|  76|0x000000008f000000, 0x000000008f000000, 0x000000008f100000|  0%| F|  |TAMS 0x000000008f000000, 0x000000008f000000| Untracked 
|  77|0x000000008f100000, 0x000000008f100000, 0x000000008f200000|  0%| F|  |TAMS 0x000000008f100000, 0x000000008f100000| Untracked 
|  78|0x000000008f200000, 0x000000008f200000, 0x000000008f300000|  0%| F|  |TAMS 0x000000008f200000, 0x000000008f200000| Untracked 
|  79|0x000000008f300000, 0x000000008f300000, 0x000000008f400000|  0%| F|  |TAMS 0x000000008f300000, 0x000000008f300000| Untracked 
|  80|0x000000008f400000, 0x000000008f400000, 0x000000008f500000|  0%| F|  |TAMS 0x000000008f400000, 0x000000008f400000| Untracked 
|  81|0x000000008f500000, 0x000000008f5db320, 0x000000008f600000| 85%| E|  |TAMS 0x000000008f500000, 0x000000008f500000| Complete 
|  82|0x000000008f600000, 0x000000008f700000, 0x000000008f700000|100%| E|CS|TAMS 0x000000008f600000, 0x000000008f600000| Complete 
|  83|0x000000008f700000, 0x000000008f746d90, 0x000000008f800000| 27%| S|CS|TAMS 0x000000008f700000, 0x000000008f700000| Complete 
|  84|0x000000008f800000, 0x000000008f900000, 0x000000008f900000|100%| S|CS|TAMS 0x000000008f800000, 0x000000008f800000| Complete 
|  85|0x000000008f900000, 0x000000008fa00000, 0x000000008fa00000|100%| S|CS|TAMS 0x000000008f900000, 0x000000008f900000| Complete 
|  86|0x000000008fa00000, 0x000000008fb00000, 0x000000008fb00000|100%| E|CS|TAMS 0x000000008fa00000, 0x000000008fa00000| Complete 
|  87|0x000000008fb00000, 0x000000008fc00000, 0x000000008fc00000|100%| E|CS|TAMS 0x000000008fb00000, 0x000000008fb00000| Complete 
|  88|0x000000008fc00000, 0x000000008fd00000, 0x000000008fd00000|100%| E|CS|TAMS 0x000000008fc00000, 0x000000008fc00000| Complete 
|  89|0x000000008fd00000, 0x000000008fe00000, 0x000000008fe00000|100%| E|CS|TAMS 0x000000008fd00000, 0x000000008fd00000| Complete 
|  90|0x000000008fe00000, 0x000000008ff00000, 0x000000008ff00000|100%| E|CS|TAMS 0x000000008fe00000, 0x000000008fe00000| Complete 
|  91|0x000000008ff00000, 0x0000000090000000, 0x0000000090000000|100%| E|CS|TAMS 0x000000008ff00000, 0x000000008ff00000| Complete 
|  92|0x0000000090000000, 0x0000000090100000, 0x0000000090100000|100%| E|CS|TAMS 0x0000000090000000, 0x0000000090000000| Complete 
|  93|0x0000000090100000, 0x0000000090200000, 0x0000000090200000|100%| E|CS|TAMS 0x0000000090100000, 0x0000000090100000| Complete 
|  94|0x0000000090200000, 0x0000000090300000, 0x0000000090300000|100%| E|CS|TAMS 0x0000000090200000, 0x0000000090200000| Complete 
|  95|0x0000000090300000, 0x0000000090400000, 0x0000000090400000|100%| E|CS|TAMS 0x0000000090300000, 0x0000000090300000| Complete 
|  96|0x0000000090400000, 0x0000000090500000, 0x0000000090500000|100%| E|CS|TAMS 0x0000000090400000, 0x0000000090400000| Complete 
|  97|0x0000000090500000, 0x0000000090600000, 0x0000000090600000|100%| E|CS|TAMS 0x0000000090500000, 0x0000000090500000| Complete 
|  98|0x0000000090600000, 0x0000000090700000, 0x0000000090700000|100%| E|CS|TAMS 0x0000000090600000, 0x0000000090600000| Complete 
|  99|0x0000000090700000, 0x0000000090800000, 0x0000000090800000|100%| E|CS|TAMS 0x0000000090700000, 0x0000000090700000| Complete 
| 100|0x0000000090800000, 0x0000000090900000, 0x0000000090900000|100%| E|CS|TAMS 0x0000000090800000, 0x0000000090800000| Complete 
| 101|0x0000000090900000, 0x0000000090a00000, 0x0000000090a00000|100%| E|CS|TAMS 0x0000000090900000, 0x0000000090900000| Complete 
| 102|0x0000000090a00000, 0x0000000090b00000, 0x0000000090b00000|100%| E|CS|TAMS 0x0000000090a00000, 0x0000000090a00000| Complete 
| 103|0x0000000090b00000, 0x0000000090c00000, 0x0000000090c00000|100%| E|CS|TAMS 0x0000000090b00000, 0x0000000090b00000| Complete 
| 104|0x0000000090c00000, 0x0000000090d00000, 0x0000000090d00000|100%| E|CS|TAMS 0x0000000090c00000, 0x0000000090c00000| Complete 
| 105|0x0000000090d00000, 0x0000000090e00000, 0x0000000090e00000|100%| E|CS|TAMS 0x0000000090d00000, 0x0000000090d00000| Complete 
| 106|0x0000000090e00000, 0x0000000090f00000, 0x0000000090f00000|100%| E|CS|TAMS 0x0000000090e00000, 0x0000000090e00000| Complete 
| 107|0x0000000090f00000, 0x0000000091000000, 0x0000000091000000|100%| E|  |TAMS 0x0000000090f00000, 0x0000000090f00000| Complete 
| 108|0x0000000091000000, 0x0000000091100000, 0x0000000091100000|100%| E|CS|TAMS 0x0000000091000000, 0x0000000091000000| Complete 
| 109|0x0000000091100000, 0x0000000091200000, 0x0000000091200000|100%| E|CS|TAMS 0x0000000091100000, 0x0000000091100000| Complete 
| 110|0x0000000091200000, 0x0000000091300000, 0x0000000091300000|100%| E|CS|TAMS 0x0000000091200000, 0x0000000091200000| Complete 
| 111|0x0000000091300000, 0x0000000091400000, 0x0000000091400000|100%| E|CS|TAMS 0x0000000091300000, 0x0000000091300000| Complete 
| 112|0x0000000091400000, 0x0000000091500000, 0x0000000091500000|100%| E|CS|TAMS 0x0000000091400000, 0x0000000091400000| Complete 
| 113|0x0000000091500000, 0x0000000091600000, 0x0000000091600000|100%| E|CS|TAMS 0x0000000091500000, 0x0000000091500000| Complete 
| 114|0x0000000091600000, 0x0000000091700000, 0x0000000091700000|100%| E|CS|TAMS 0x0000000091600000, 0x0000000091600000| Complete 
| 115|0x0000000091700000, 0x0000000091800000, 0x0000000091800000|100%| E|CS|TAMS 0x0000000091700000, 0x0000000091700000| Complete 
| 116|0x0000000091800000, 0x0000000091900000, 0x0000000091900000|100%| E|CS|TAMS 0x0000000091800000, 0x0000000091800000| Complete 
| 117|0x0000000091900000, 0x0000000091a00000, 0x0000000091a00000|100%| E|CS|TAMS 0x0000000091900000, 0x0000000091900000| Complete 

Card table byte_map: [0x0000029fe12e0000,0x0000029fe1690000] _byte_map_base: 0x0000029fe0e8e000

Marking Bits (Prev, Next): (CMBitMap*) 0x0000029fc8425860, (CMBitMap*) 0x0000029fc84258a0
 Prev Bits: [0x0000029fe1a40000, 0x0000029fe37b0000)
 Next Bits: [0x0000029fe37b0000, 0x0000029fe5520000)

Polling page: 0x0000029fc8490000

Metaspace:

Usage:
  Non-class:     16.71 MB used.
      Class:      2.51 MB used.
       Both:     19.22 MB used.

Virtual space:
  Non-class space:       64.00 MB reserved,      16.88 MB ( 26%) committed,  1 nodes.
      Class space:        1.00 GB reserved,       2.69 MB ( <1%) committed,  1 nodes.
             Both:        1.06 GB reserved,      19.56 MB (  2%) committed. 

Chunk freelists:
   Non-Class:  14.33 MB
       Class:  13.33 MB
        Both:  27.66 MB

MaxMetaspaceSize: unlimited
CompressedClassSpaceSize: 1.00 GB
Initial GC threshold: 21.00 MB
Current GC threshold: 21.00 MB
CDS: on
MetaspaceReclaimPolicy: balanced
 - commit_granule_bytes: 65536.
 - commit_granule_words: 8192.
 - virtual_space_node_default_size: 8388608.
 - enlarge_chunks_in_place: 1.
 - new_chunks_are_fully_committed: 0.
 - uncommit_free_chunks: 1.
 - use_allocation_guard: 0.
 - handle_deallocations: 1.


Internal statistics:

num_allocs_failed_limit: 0.
num_arena_births: 404.
num_arena_deaths: 0.
num_vsnodes_births: 2.
num_vsnodes_deaths: 0.
num_space_committed: 313.
num_space_uncommitted: 0.
num_chunks_returned_to_freelist: 0.
num_chunks_taken_from_freelist: 1069.
num_chunk_merges: 0.
num_chunk_splits: 740.
num_chunks_enlarged: 570.
num_inconsistent_stats: 0.

CodeHeap 'non-profiled nmethods': size=120000Kb used=1008Kb max_used=1008Kb free=118992Kb
 bounds [0x0000029fd8d70000, 0x0000029fd8fe0000, 0x0000029fe02a0000]
CodeHeap 'profiled nmethods': size=120000Kb used=4922Kb max_used=4922Kb free=115077Kb
 bounds [0x0000029fd12a0000, 0x0000029fd1770000, 0x0000029fd87d0000]
CodeHeap 'non-nmethods': size=5760Kb used=1213Kb max_used=1259Kb free=4546Kb
 bounds [0x0000029fd87d0000, 0x0000029fd8a40000, 0x0000029fd8d70000]
 total_blobs=3028 nmethods=2514 adapters=426
 compilation: enabled
              stopped_count=0, restarted_count=0
 full_count=0

Compilation events (20 events):
Event: 3.673 Thread 0x0000029fe7ccb950 2416       3       java.util.stream.SpinedBuffer::ensureCapacity (138 bytes)
Event: 3.673 Thread 0x0000029fe7ccb950 nmethod 2416 0x0000029fd1737510 code [0x0000029fd1737760, 0x0000029fd17386c8]
Event: 3.673 Thread 0x0000029fe7ccb950 2422       3       org.springframework.core.annotation.MergedAnnotationsCollection::find (174 bytes)
Event: 3.674 Thread 0x0000029fe7ccb950 nmethod 2422 0x0000029fd1738b90 code [0x0000029fd1738e40, 0x0000029fd1739d58]
Event: 3.674 Thread 0x0000029fe7ccb950 2417       3       org.springframework.core.annotation.MergedAnnotation$Adapt::isIn (36 bytes)
Event: 3.674 Thread 0x0000029fe7ccb950 nmethod 2417 0x0000029fd173a310 code [0x0000029fd173a4c0, 0x0000029fd173a6f8]
Event: 3.674 Thread 0x0000029fe7ccb950 2420       3       java.lang.StringLatin1::indexOfNonWhitespace (49 bytes)
Event: 3.674 Thread 0x0000029fe7cc1010 nmethod 2409 0x0000029fd8e5fb10 code [0x0000029fd8e5fca0, 0x0000029fd8e601f8]
Event: 3.674 Thread 0x0000029fe7ccb950 nmethod 2420 0x0000029fd173a810 code [0x0000029fd173a9e0, 0x0000029fd173ae18]
Event: 3.674 Thread 0x0000029fe7ccb950 2419       3       org.springframework.core.annotation.TypeMappedAnnotation::getTypeForMapOptions (57 bytes)
Event: 3.674 Thread 0x0000029fe7cc1010 2418       4       java.lang.Character::toLowerCase (6 bytes)
Event: 3.674 Thread 0x0000029fe8625bf0 nmethod 2410 0x0000029fd8e60410 code [0x0000029fd8e605a0, 0x0000029fd8e60878]
Event: 3.674 Thread 0x0000029fe8625bf0 2414       4       java.lang.StringLatin1::getChar (9 bytes)
Event: 3.675 Thread 0x0000029fe7ccb950 nmethod 2419 0x0000029fd173b010 code [0x0000029fd173b220, 0x0000029fd173b698]
Event: 3.675 Thread 0x0000029fe8625bf0 nmethod 2414 0x0000029fd8e60b10 code [0x0000029fd8e60c80, 0x0000029fd8e60d18]
Event: 3.675 Thread 0x0000029fe7cc1010 nmethod 2418 0x0000029fd8e60e10 code [0x0000029fd8e60fa0, 0x0000029fd8e610d8]
Event: 3.676 Thread 0x0000029fe7ccb950 2423       3       org.springframework.core.annotation.MergedAnnotationsCollection$AnnotationsSpliterator::tryAdvance (116 bytes)
Event: 3.676 Thread 0x0000029fe7ccb950 nmethod 2423 0x0000029fd173b810 code [0x0000029fd173ba20, 0x0000029fd173c018]
Event: 3.677 Thread 0x0000029fe7ccb950 2424       3       sun.nio.fs.NativeBuffers::getNativeBuffer (21 bytes)
Event: 3.677 Thread 0x0000029fe7ccb950 nmethod 2424 0x0000029fd173c290 code [0x0000029fd173c460, 0x0000029fd173c798]

GC Heap History (4 events):
Event: 0.671 GC heap before
{Heap before GC invocations=0 (full 0):
 garbage-first heap   total 120832K, used 24576K [0x000000008a400000, 0x0000000100000000)
  region size 1024K, 23 young (23552K), 0 survivors (0K)
 Metaspace       used 5315K, committed 5504K, reserved 1114112K
  class space    used 615K, committed 704K, reserved 1048576K
}
Event: 0.679 GC heap after
{Heap after GC invocations=1 (full 0):
 garbage-first heap   total 120832K, used 7696K [0x000000008a400000, 0x0000000100000000)
  region size 1024K, 3 young (3072K), 3 survivors (3072K)
 Metaspace       used 5315K, committed 5504K, reserved 1114112K
  class space    used 615K, committed 704K, reserved 1048576K
}
Event: 1.291 GC heap before
{Heap before GC invocations=1 (full 0):
 garbage-first heap   total 120832K, used 36368K [0x000000008a400000, 0x0000000100000000)
  region size 1024K, 32 young (32768K), 3 survivors (3072K)
 Metaspace       used 12540K, committed 12864K, reserved 1114112K
  class space    used 1644K, committed 1792K, reserved 1048576K
}
Event: 1.297 GC heap after
{Heap after GC invocations=2 (full 0):
 garbage-first heap   total 120832K, used 10075K [0x000000008a400000, 0x0000000100000000)
  region size 1024K, 3 young (3072K), 3 survivors (3072K)
 Metaspace       used 12540K, committed 12864K, reserved 1114112K
  class space    used 1644K, committed 1792K, reserved 1048576K
}

Deoptimization events (20 events):
Event: 1.497 Thread 0x0000029fe86753d0 Uncommon trap: trap_request=0xffffff45 fr.pc=0x0000029fd8d9bdb4 relative=0x0000000000000214
Event: 1.497 Thread 0x0000029fe86753d0 Uncommon trap: reason=unstable_if action=reinterpret pc=0x0000029fd8d9bdb4 method=java.util.zip.ZipCoder.hash(Ljava/lang/String;)I @ 23 c2
Event: 1.497 Thread 0x0000029fe86753d0 DEOPT PACKING pc=0x0000029fd8d9bdb4 sp=0x000000d7523fd990
Event: 1.497 Thread 0x0000029fe86753d0 DEOPT UNPACKING pc=0x0000029fd88223a3 sp=0x000000d7523fd928 mode 2
Event: 1.498 Thread 0x0000029fe86753d0 Uncommon trap: trap_request=0xffffff45 fr.pc=0x0000029fd8d878c0 relative=0x0000000000000040
Event: 1.498 Thread 0x0000029fe86753d0 Uncommon trap: reason=unstable_if action=reinterpret pc=0x0000029fd8d878c0 method=sun.nio.fs.WindowsPathParser.isSlash(C)Z @ 9 c2
Event: 1.498 Thread 0x0000029fe86753d0 DEOPT PACKING pc=0x0000029fd8d878c0 sp=0x000000d7523fdb20
Event: 1.498 Thread 0x0000029fe86753d0 DEOPT UNPACKING pc=0x0000029fd88223a3 sp=0x000000d7523fdaa8 mode 2
Event: 1.534 Thread 0x0000029fed97c720 Uncommon trap: trap_request=0xffffff45 fr.pc=0x0000029fd8d83e1c relative=0x00000000000003fc
Event: 1.534 Thread 0x0000029fed97c720 Uncommon trap: reason=unstable_if action=reinterpret pc=0x0000029fd8d83e1c method=java.lang.StringLatin1.canEncode(I)Z @ 4 c2
Event: 1.534 Thread 0x0000029fed97c720 DEOPT PACKING pc=0x0000029fd8d83e1c sp=0x000000d7524fda20
Event: 1.534 Thread 0x0000029fed97c720 DEOPT UNPACKING pc=0x0000029fd88223a3 sp=0x000000d7524fd948 mode 2
Event: 1.534 Thread 0x0000029fed97c720 Uncommon trap: trap_request=0xffffff45 fr.pc=0x0000029fd8d85b08 relative=0x00000000000003e8
Event: 1.534 Thread 0x0000029fed97c720 Uncommon trap: reason=unstable_if action=reinterpret pc=0x0000029fd8d85b08 method=java.lang.AbstractStringBuilder.isLatin1()Z @ 10 c2
Event: 1.534 Thread 0x0000029fed97c720 DEOPT PACKING pc=0x0000029fd8d85b08 sp=0x000000d7524fda40
Event: 1.534 Thread 0x0000029fed97c720 DEOPT UNPACKING pc=0x0000029fd88223a3 sp=0x000000d7524fd9c0 mode 2
Event: 1.561 Thread 0x0000029fe86753d0 Uncommon trap: trap_request=0xffffff45 fr.pc=0x0000029fd8e112ac relative=0x000000000000010c
Event: 1.561 Thread 0x0000029fe86753d0 Uncommon trap: reason=unstable_if action=reinterpret pc=0x0000029fd8e112ac method=java.util.Arrays.equals([Ljava/lang/Object;[Ljava/lang/Object;)Z @ 44 c2
Event: 1.561 Thread 0x0000029fe86753d0 DEOPT PACKING pc=0x0000029fd8e112ac sp=0x000000d7523fd290
Event: 1.562 Thread 0x0000029fe86753d0 DEOPT UNPACKING pc=0x0000029fd88223a3 sp=0x000000d7523fd230 mode 2

Classes unloaded (0 events):
No events

Classes redefined (0 events):
No events

Internal exceptions (20 events):
Event: 0.956 Thread 0x0000029fe86753d0 Exception <a 'java/lang/NoSuchMethodError'{0x0000000090c3b2f8}: 'int java.lang.invoke.DirectMethodHandle$Holder.invokeSpecialIFC(java.lang.Object, java.lang.Object, java.lang.Object, java.lang.Object)'> (0x0000000090c3b2f8) 
thrown [s\open\src\hotspot\share\interpreter\linkResolver.cpp, line 759]
Event: 0.974 Thread 0x0000029fe86753d0 Exception <a 'java/lang/NoSuchMethodError'{0x0000000090cdfbf0}: 'void java.lang.invoke.DirectMethodHandle$Holder.invokeInterface(java.lang.Object, java.lang.Object, java.lang.Object)'> (0x0000000090cdfbf0) 
thrown [s\open\src\hotspot\share\interpreter\linkResolver.cpp, line 759]
Event: 0.997 Thread 0x0000029fe86753d0 Exception <a 'java/lang/NoSuchMethodError'{0x0000000090b81b80}: 'void java.lang.invoke.DirectMethodHandle$Holder.invokeStaticInit(java.lang.Object, java.lang.Object, java.lang.Object)'> (0x0000000090b81b80) 
thrown [s\open\src\hotspot\share\interpreter\linkResolver.cpp, line 759]
Event: 1.005 Thread 0x0000029fe86753d0 Exception <a 'java/lang/NoSuchMethodError'{0x0000000090bcf108}: 'java.lang.Object java.lang.invoke.DirectMethodHandle$Holder.invokeVirtual(java.lang.Object, java.lang.Object, java.lang.Object)'> (0x0000000090bcf108) 
thrown [s\open\src\hotspot\share\interpreter\linkResolver.cpp, line 759]
Event: 1.027 Thread 0x0000029fe86753d0 Exception <a 'java/lang/NoSuchMethodError'{0x0000000090a770a0}: 'java.lang.Object java.lang.invoke.DirectMethodHandle$Holder.newInvokeSpecial(java.lang.Object, long)'> (0x0000000090a770a0) 
thrown [s\open\src\hotspot\share\interpreter\linkResolver.cpp, line 759]
Event: 1.028 Thread 0x0000029fe86753d0 Exception <a 'java/lang/NoSuchMethodError'{0x0000000090a7e938}: 'void java.lang.invoke.DirectMethodHandle$Holder.invokeVirtual(java.lang.Object, java.lang.Object, java.lang.Object, java.lang.Object)'> (0x0000000090a7e938) 
thrown [s\open\src\hotspot\share\interpreter\linkResolver.cpp, line 759]
Event: 1.047 Thread 0x0000029fe86753d0 Exception <a 'java/lang/NoSuchMethodError'{0x000000009092e5f8}: 'java.lang.Object java.lang.invoke.DirectMethodHandle$Holder.invokeSpecial(java.lang.Object, java.lang.Object, long, java.lang.Object, java.lang.Object, java.lang.Object, java.lang.Object, java.lang.Object, java.lang.Object)'> (0x000000009092e5f8) 
thrown [s\open\src\hotspot\share\interpreter\linkResolver.cpp, line 759]
Event: 1.048 Thread 0x0000029fe86753d0 Exception <a 'java/lang/NoSuchMethodError'{0x00000000909332d8}: 'java.lang.Object java.lang.invoke.DelegatingMethodHandle$Holder.reinvoke_L(java.lang.Object, long, java.lang.Object, java.lang.Object, java.lang.Object, java.lang.Object, java.lang.Object, java.lang.Object)'> (0x00000000909332d8) 
thrown [s\open\src\hotspot\share\interpreter\linkResolver.cpp, line 759]
Event: 1.146 Thread 0x0000029fe86753d0 Exception <a 'java/lang/NoSuchMethodError'{0x000000009061e458}: 'java.lang.Object java.lang.invoke.DirectMethodHandle$Holder.invokeSpecial(java.lang.Object, java.lang.Object, java.lang.Object, java.lang.Object, java.lang.Object, java.lang.Object, java.lang.Object, java.lang.Object, java.lang.Object)'> (0x000000009061e458) 
thrown [s\open\src\hotspot\share\interpreter\linkResolver.cpp, line 759]
Event: 1.146 Thread 0x0000029fe86753d0 Exception <a 'java/lang/NoSuchMethodError'{0x0000000090622d80}: 'java.lang.Object java.lang.invoke.Invokers$Holder.invoke_MT(java.lang.Object, java.lang.Object, java.lang.Object, java.lang.Object, java.lang.Object, java.lang.Object, java.lang.Object, java.lang.Object, java.lang.Object)'> (0x0000000090622d80) 
thrown [s\open\src\hotspot\share\interpreter\linkResolver.cpp, line 759]
Event: 1.168 Thread 0x0000029fe86753d0 Exception <a 'java/lang/IncompatibleClassChangeError'{0x000000009058baa0}: Found class java.lang.Object, but interface was expected> (0x000000009058baa0) 
thrown [s\open\src\hotspot\share\interpreter\linkResolver.cpp, line 826]
Event: 1.180 Thread 0x0000029fed97c720 Exception <a 'java/lang/NoSuchMethodError'{0x00000000904347e8}: 'java.lang.Object java.lang.invoke.Invokers$Holder.invoke_MT(java.lang.Object, java.lang.Object, java.lang.Object)'> (0x00000000904347e8) 
thrown [s\open\src\hotspot\share\interpreter\linkResolver.cpp, line 759]
Event: 1.498 Thread 0x0000029fe86753d0 Exception <a 'sun/nio/fs/WindowsException'{0x0000000090bd88a8}> (0x0000000090bd88a8) 
thrown [s\open\src\hotspot\share\prims\jni.cpp, line 516]
Event: 1.499 Thread 0x0000029fe86753d0 Exception <a 'java/lang/NoSuchMethodError'{0x0000000090bda260}: 'int java.lang.invoke.DirectMethodHandle$Holder.invokeSpecial(java.lang.Object, java.lang.Object, java.lang.Object, java.lang.Object, java.lang.Object)'> (0x0000000090bda260) 
thrown [s\open\src\hotspot\share\interpreter\linkResolver.cpp, line 759]
Event: 1.501 Thread 0x0000029fe86753d0 Exception <a 'java/lang/NoSuchMethodError'{0x0000000090be31a0}: 'void java.lang.invoke.DirectMethodHandle$Holder.invokeVirtual(java.lang.Object, java.lang.Object)'> (0x0000000090be31a0) 
thrown [s\open\src\hotspot\share\interpreter\linkResolver.cpp, line 759]
Event: 3.670 Thread 0x0000029fed97c720 Exception <a 'java/lang/NoSuchMethodError'{0x000000008fc6dcb8}: 'long java.lang.invoke.DirectMethodHandle$Holder.invokeSpecial(java.lang.Object, java.lang.Object)'> (0x000000008fc6dcb8) 
thrown [s\open\src\hotspot\share\interpreter\linkResolver.cpp, line 759]
Event: 3.671 Thread 0x0000029fed97c720 Exception <a 'java/lang/NoSuchMethodError'{0x000000008fc78840}: 'long java.lang.invoke.DirectMethodHandle$Holder.invokeStatic(java.lang.Object, java.lang.Object)'> (0x000000008fc78840) 
thrown [s\open\src\hotspot\share\interpreter\linkResolver.cpp, line 759]
Event: 3.672 Thread 0x0000029fed97c720 Exception <a 'java/lang/NoSuchMethodError'{0x000000008fc7bb98}: 'long java.lang.invoke.DirectMethodHandle$Holder.invokeStaticInit(java.lang.Object, java.lang.Object)'> (0x000000008fc7bb98) 
thrown [s\open\src\hotspot\share\interpreter\linkResolver.cpp, line 759]
Event: 3.673 Thread 0x0000029fed97c720 Exception <a 'java/lang/NoSuchMethodError'{0x000000008fc89410}: 'long java.lang.invoke.DirectMethodHandle$Holder.invokeInterface(java.lang.Object, java.lang.Object)'> (0x000000008fc89410) 
thrown [s\open\src\hotspot\share\interpreter\linkResolver.cpp, line 759]
Event: 3.673 Thread 0x0000029fed97c720 Exception <a 'java/lang/IncompatibleClassChangeError'{0x000000008fc8c6f8}: Found class java.lang.Object, but interface was expected> (0x000000008fc8c6f8) 
thrown [s\open\src\hotspot\share\interpreter\linkResolver.cpp, line 826]

VM Operations (20 events):
Event: 0.998 Executing VM operation: ICBufferFull
Event: 0.998 Executing VM operation: ICBufferFull done
Event: 1.100 Executing VM operation: HandshakeAllThreads
Event: 1.100 Executing VM operation: HandshakeAllThreads done
Event: 1.100 Executing VM operation: HandshakeAllThreads
Event: 1.100 Executing VM operation: HandshakeAllThreads done
Event: 1.291 Executing VM operation: G1CollectForAllocation
Event: 1.298 Executing VM operation: G1CollectForAllocation done
Event: 1.370 Executing VM operation: HandshakeAllThreads
Event: 1.370 Executing VM operation: HandshakeAllThreads done
Event: 1.380 Executing VM operation: HandshakeAllThreads
Event: 1.380 Executing VM operation: HandshakeAllThreads done
Event: 1.436 Executing VM operation: HandshakeAllThreads
Event: 1.436 Executing VM operation: HandshakeAllThreads done
Event: 1.483 Executing VM operation: HandshakeAllThreads
Event: 1.483 Executing VM operation: HandshakeAllThreads done
Event: 2.483 Executing VM operation: Cleanup
Event: 3.617 Executing VM operation: Cleanup done
Event: 4.628 Executing VM operation: Cleanup
Event: 4.628 Executing VM operation: Cleanup done

Events (20 events):
Event: 1.520 loading class sun/nio/ch/FileDispatcher done
Event: 1.520 loading class sun/nio/ch/FileDispatcherImpl done
Event: 1.520 loading class sun/nio/ch/FileChannelImpl$Closer
Event: 1.520 loading class sun/nio/ch/FileChannelImpl$Closer done
Event: 1.521 loading class java/nio/channels/Channels
Event: 1.521 loading class java/nio/channels/Channels done
Event: 1.521 loading class sun/nio/ch/ChannelInputStream
Event: 1.521 loading class sun/nio/ch/ChannelInputStream done
Event: 1.524 loading class sun/nio/ch/IOStatus
Event: 1.524 loading class sun/nio/ch/IOStatus done
Event: 1.524 loading class java/nio/channels/SelectableChannel
Event: 1.524 loading class java/nio/channels/SelectableChannel done
Event: 1.534 loading class sun/text/resources/cldr/FormatData_en
Event: 1.534 loading class sun/text/resources/cldr/FormatData_en done
Event: 1.534 loading class sun/text/resources/cldr/FormatData_en_US
Event: 1.534 loading class sun/text/resources/cldr/FormatData_en_US done
Event: 1.559 loading class java/io/StringReader
Event: 1.559 loading class java/io/StringReader done
Event: 1.559 loading class java/io/CharArrayReader
Event: 1.559 loading class java/io/CharArrayReader done


Dynamic libraries:
0x00007ff7f0a80000 - 0x00007ff7f0a90000 	C:\Program Files\Java\jdk-17\bin\java.exe
0x00007ff98fc20000 - 0x00007ff98fe87000 	C:\WINDOWS\SYSTEM32\ntdll.dll
0x00007ff98e940000 - 0x00007ff98ea09000 	C:\WINDOWS\System32\KERNEL32.DLL
0x00007ff98c870000 - 0x00007ff98cc61000 	C:\WINDOWS\System32\KERNELBASE.dll
0x00007ff98cc70000 - 0x00007ff98cdbb000 	C:\WINDOWS\System32\ucrtbase.dll
0x00007ff989160000 - 0x00007ff98917b000 	C:\Program Files\Java\jdk-17\bin\VCRUNTIME140.dll
0x00007ff9890b0000 - 0x00007ff9890c9000 	C:\Program Files\Java\jdk-17\bin\jli.dll
0x00007ff98e3a0000 - 0x00007ff98e45b000 	C:\WINDOWS\System32\ADVAPI32.dll
0x00007ff98f2d0000 - 0x00007ff98f379000 	C:\WINDOWS\System32\msvcrt.dll
0x00007ff98e040000 - 0x00007ff98e0e7000 	C:\WINDOWS\System32\sechost.dll
0x00007ff98da40000 - 0x00007ff98db58000 	C:\WINDOWS\System32\RPCRT4.dll
0x00007ff98ea50000 - 0x00007ff98ec15000 	C:\WINDOWS\System32\USER32.dll
0x00007ff97b4c0000 - 0x00007ff97b753000 	C:\WINDOWS\WinSxS\amd64_microsoft.windows.common-controls_6595b64144ccf1df_6.0.26100.8037_none_3e092faae333b53b\COMCTL32.dll
0x00007ff98c840000 - 0x00007ff98c867000 	C:\WINDOWS\System32\win32u.dll
0x00007ff98e010000 - 0x00007ff98e03b000 	C:\WINDOWS\System32\GDI32.dll
0x00007ff98c710000 - 0x00007ff98c83b000 	C:\WINDOWS\System32\gdi32full.dll
0x00007ff98cdc0000 - 0x00007ff98ce63000 	C:\WINDOWS\System32\msvcp_win.dll
0x00007ff9858b0000 - 0x00007ff9858bb000 	C:\WINDOWS\SYSTEM32\VERSION.dll
0x00007ff98ea10000 - 0x00007ff98ea41000 	C:\WINDOWS\System32\IMM32.DLL
0x00007ff989150000 - 0x00007ff98915c000 	C:\Program Files\Java\jdk-17\bin\vcruntime140_1.dll
0x00007ff97b290000 - 0x00007ff97b31e000 	C:\Program Files\Java\jdk-17\bin\msvcp140.dll
0x00007ff92be60000 - 0x00007ff92ca40000 	C:\Program Files\Java\jdk-17\bin\server\jvm.dll
0x00007ff98f2c0000 - 0x00007ff98f2c8000 	C:\WINDOWS\System32\PSAPI.DLL
0x00007ff987fa0000 - 0x00007ff987faa000 	C:\WINDOWS\SYSTEM32\WSOCK32.dll
0x00007ff980db0000 - 0x00007ff980de5000 	C:\WINDOWS\SYSTEM32\WINMM.dll
0x00007ff98d9c0000 - 0x00007ff98da34000 	C:\WINDOWS\System32\WS2_32.dll
0x00007ff98b3b0000 - 0x00007ff98b3cb000 	C:\WINDOWS\SYSTEM32\kernel.appcore.dll
0x00007ff9876f0000 - 0x00007ff9876fa000 	C:\Program Files\Java\jdk-17\bin\jimage.dll
0x00007ff984950000 - 0x00007ff984b92000 	C:\WINDOWS\SYSTEM32\DBGHELP.DLL
0x00007ff98dc80000 - 0x00007ff98e002000 	C:\WINDOWS\System32\combase.dll
0x00007ff98ec20000 - 0x00007ff98ecf7000 	C:\WINDOWS\System32\OLEAUT32.dll
0x00007ff9765b0000 - 0x00007ff9765eb000 	C:\WINDOWS\SYSTEM32\dbgcore.DLL
0x00007ff98d6e0000 - 0x00007ff98d785000 	C:\WINDOWS\System32\bcryptPrimitives.dll
0x00007ff987370000 - 0x00007ff98737e000 	C:\Program Files\Java\jdk-17\bin\instrument.dll
0x00007ff9830d0000 - 0x00007ff9830f5000 	C:\Program Files\Java\jdk-17\bin\java.dll
0x00007ff961b80000 - 0x00007ff961c57000 	C:\Program Files\Java\jdk-17\bin\jsvml.dll
0x00007ff98f410000 - 0x00007ff98fb6f000 	C:\WINDOWS\System32\SHELL32.dll
0x00007ff98d790000 - 0x00007ff98d8fa000 	C:\WINDOWS\System32\wintypes.dll
0x00007ff98ce70000 - 0x00007ff98d6d4000 	C:\WINDOWS\System32\windows.storage.dll
0x00007ff98db80000 - 0x00007ff98dc77000 	C:\WINDOWS\System32\SHCORE.dll
0x00007ff98f230000 - 0x00007ff98f297000 	C:\WINDOWS\System32\shlwapi.dll
0x00007ff98c420000 - 0x00007ff98c449000 	C:\WINDOWS\SYSTEM32\profapi.dll
0x00007ff97e160000 - 0x00007ff97e178000 	C:\Program Files\Java\jdk-17\bin\zip.dll
0x00007ff987010000 - 0x00007ff987029000 	C:\Program Files\Java\jdk-17\bin\net.dll
0x00007ff9859e0000 - 0x00007ff985b07000 	C:\WINDOWS\SYSTEM32\WINHTTP.dll
0x00007ff98b920000 - 0x00007ff98b98b000 	C:\WINDOWS\system32\mswsock.dll
0x00007ff983150000 - 0x00007ff983166000 	C:\Program Files\Java\jdk-17\bin\nio.dll
0x00007ff983aa0000 - 0x00007ff983aaa000 	C:\Program Files\Java\jdk-17\bin\management.dll
0x00007ff982e00000 - 0x00007ff982e0b000 	C:\Program Files\Java\jdk-17\bin\management_ext.dll

dbghelp: loaded successfully - version: 4.0.5 - missing functions: none
symbol engine: initialized successfully - sym options: 0x614 - pdb path: .;C:\Program Files\Java\jdk-17\bin;C:\WINDOWS\SYSTEM32;C:\WINDOWS\WinSxS\amd64_microsoft.windows.common-controls_6595b64144ccf1df_6.0.26100.8037_none_3e092faae333b53b;C:\Program Files\Java\jdk-17\bin\server

VM Arguments:
jvm_args: -javaagent:C:\Program Files\JetBrains\IntelliJ IDEA 2025.2.3\lib\idea_rt.jar=51992 -Dfile.encoding=UTF-8 
java_command: com.example.Backend_2026.Backend2026Application
java_class_path (initial): C:\Users\ADMIN\Desktop\DATN_NAT_2026\Backend_2026\Backend_2026\target\classes;C:\Users\ADMIN\.m2\repository\org\springframework\boot\spring-boot-starter-data-jdbc\4.0.3\spring-boot-starter-data-jdbc-4.0.3.jar;C:\Users\ADMIN\.m2\repository\org\springframework\boot\spring-boot-starter\4.0.3\spring-boot-starter-4.0.3.jar;C:\Users\ADMIN\.m2\repository\org\springframework\boot\spring-boot-starter-logging\4.0.3\spring-boot-starter-logging-4.0.3.jar;C:\Users\ADMIN\.m2\repository\ch\qos\logback\logback-classic\1.5.32\logback-classic-1.5.32.jar;C:\Users\ADMIN\.m2\repository\ch\qos\logback\logback-core\1.5.32\logback-core-1.5.32.jar;C:\Users\ADMIN\.m2\repository\org\apache\logging\log4j\log4j-to-slf4j\2.25.3\log4j-to-slf4j-2.25.3.jar;C:\Users\ADMIN\.m2\repository\org\apache\logging\log4j\log4j-api\2.25.3\log4j-api-2.25.3.jar;C:\Users\ADMIN\.m2\repository\org\slf4j\jul-to-slf4j\2.0.17\jul-to-slf4j-2.0.17.jar;C:\Users\ADMIN\.m2\repository\jakarta\annotation\jakarta.annotation-api\3.0.0\jakarta.annotation-api-3.0.0.jar;C:\Users\ADMIN\.m2\repository\org\yaml\snakeyaml\2.5\snakeyaml-2.5.jar;C:\Users\ADMIN\.m2\repository\org\springframework\boot\spring-boot-starter-jdbc\4.0.3\spring-boot-starter-jdbc-4.0.3.jar;C:\Users\ADMIN\.m2\repository\com\zaxxer\HikariCP\7.0.2\HikariCP-7.0.2.jar;C:\Users\ADMIN\.m2\repository\org\slf4j\slf4j-api\2.0.17\slf4j-api-2.0.17.jar;C:\Users\ADMIN\.m2\repository\org\springframework\boot\spring-boot-data-jdbc\4.0.3\spring-boot-data-jdbc-4.0.3.jar;C:\Users\ADMIN\.m2\repository\org\springframework\boot\spring-boot-data-commons\4.0.3\spring-boot-data-commons-4.0.3.jar;C:\Users\ADMIN\.m2\repository\org\springframework\boot\spring-boot-persistence\4.0.3\spring-boot-persistence-4.0.3.jar;C:\Users\ADMIN\.m2\repository\org\springframework\data\spring-data-commons\4.0.3\spring-data-commons-4.0.3.jar;C:\Users\ADMIN\.m2\repository\org\springframework\data\spring-data-jdbc\4.0.3\spring-data-jdbc-4.0.3.jar;C:\Users\ADMIN\.m2\repository\org
Launcher Type: SUN_STANDARD

[Global flags]
     intx CICompilerCount                          = 4                                         {product} {ergonomic}
     uint ConcGCThreads                            = 3                                         {product} {ergonomic}
     uint G1ConcRefinementThreads                  = 10                                        {product} {ergonomic}
   size_t G1HeapRegionSize                         = 1048576                                   {product} {ergonomic}
    uintx GCDrainStackTargetSize                   = 64                                        {product} {ergonomic}
   size_t InitialHeapSize                          = 123731968                                 {product} {ergonomic}
   size_t MarkStackSize                            = 4194304                                   {product} {ergonomic}
   size_t MaxHeapSize                              = 1975517184                                {product} {ergonomic}
   size_t MaxNewSize                               = 1184890880                                {product} {ergonomic}
   size_t MinHeapDeltaBytes                        = 1048576                                   {product} {ergonomic}
   size_t MinHeapSize                              = 8388608                                   {product} {ergonomic}
    uintx NonNMethodCodeHeapSize                   = 5839372                                {pd product} {ergonomic}
    uintx NonProfiledCodeHeapSize                  = 122909434                              {pd product} {ergonomic}
    uintx ProfiledCodeHeapSize                     = 122909434                              {pd product} {ergonomic}
    uintx ReservedCodeCacheSize                    = 251658240                              {pd product} {ergonomic}
     bool SegmentedCodeCache                       = true                                      {product} {ergonomic}
   size_t SoftMaxHeapSize                          = 1975517184                             {manageable} {ergonomic}
     bool UseCompressedClassPointers               = true                           {product lp64_product} {ergonomic}
     bool UseCompressedOops                        = true                           {product lp64_product} {ergonomic}
     bool UseG1GC                                  = true                                      {product} {ergonomic}
     bool UseLargePagesIndividualAllocation        = false                                  {pd product} {ergonomic}

Logging:
Log output configuration:
 #0: stdout all=warning uptime,level,tags
 #1: stderr all=off uptime,level,tags

Environment Variables:
PATH=C:\Program Files\Common Files\Oracle\Java\javapath;C:\Windows\system32;C:\Windows;C:\Windows\System32\Wbem;C:\Windows\System32\WindowsPowerShell\v1.0\;C:\Windows\System32\OpenSSH\;C:\Program Files (x86)\NVIDIA Corporation\PhysX\Common;C:\Program Files\NVIDIA Corporation\NVIDIA NvDLISR;C:\WINDOWS\system32;C:\WINDOWS;C:\WINDOWS\System32\Wbem;C:\WINDOWS\System32\WindowsPowerShell\v1.0\;C:\WINDOWS\System32\OpenSSH\;C:\Program Files\Azure Data Studio\bin;C:\Program Files (x86)\Microsoft SQL Serverx86\160\Tools\Binn\;C:\Program Files\Microsoft SQL Server\160\Tools\Binn\;C:\Program Files\Microsoft SQL Server\Client SDK\ODBC\170\Tools\Binn\;C:\Program Files\Microsoft SQL Server\160\DTS\Binn\;C:\Program Files (x86)\Microsoft SQL Serverx86\160\DTS\Binn\;C:\Program Files\Git\cmd;C:\Users\ADMIN\AppData\Local\nvm;C:\nvm4w\nodejs;C:\nvm4w\nodejs;C:\Program Files\nodejs\;C:\Users\ADMIN\AppData\Local\Microsoft\WindowsApps;C:\Program Files\Azure Data Studio\bin;C:\Program Files\JetBrains\IntelliJ IDEA Community Edition 2022.2.5\bin;;C:\Program Files\JetBrains\IntelliJ IDEA 2025.2.3\bin;C:\Users\ADMIN\AppData\Local\Programs\Microsoft VS Code\bin;C:\Users\ADMIN\AppData\Local\nvm;C:\nvm4w\nodejs;C:\Users\ADMIN\AppData\Roaming\npm
USERNAME=ADMIN
OS=Windows_NT
PROCESSOR_IDENTIFIER=AMD64 Family 25 Model 80 Stepping 0, AuthenticAMD



---------------  S Y S T E M  ---------------

OS:
 Windows 11 , 64 bit Build 26100 (10.0.26100.7920)
OS uptime: 5 days 9:06 hours

CPU: total 12 (initial active 12) (12 cores per cpu, 2 threads per core) family 25 model 80 stepping 0 microcode 0xa50000c, cx8, cmov, fxsr, ht, mmx, 3dnowpref, sse, sse2, sse3, ssse3, sse4a, sse4.1, sse4.2, popcnt, lzcnt, tsc, tscinvbit, avx, avx2, aes, erms, clmul, bmi1, bmi2, adx, sha, fma, vzeroupper, clflush, clflushopt

Memory: 4k page, system-wide physical 7532M (394M free)
TotalPageFile size 20481M (AvailPageFile size 0M)
current process WorkingSet (physical memory assigned to process): 152M, peak: 152M
current process commit charge ("private bytes"): 274M, peak: 275M

vm_info: Java HotSpot(TM) 64-Bit Server VM (17.0.12+8-LTS-286) for windows-amd64 JRE (17.0.12+8-LTS-286), built on Jun  5 2024 06:46:59 by "mach5one" with MS VC++ 17.6 (VS2022)

END.
